<?xml version="1.0" encoding="UTF-8"?>
<testsuite xmlns:xsi="http://www.w3.org/2001/XMLSchema-instance" xsi:noNamespaceSchemaLocation="https://maven.apache.org/surefire/maven-surefire-plugin/xsd/surefire-test-report-3.0.xsd" version="3.0" name="com.cdata.mcp.tests.ConfigurationSecurityTests" time="0.02" tests="15" errors="0" skipped="0" failures="0">
  <properties>
[...]
</properties>
  <testcase name="testSecretManagerAvailability" classname="com.cdata.mcp.tests.ConfigurationSecurityTests" time="0.001"/>
  <testcase name="testCustomRecommendations" classname="com.cdata.mcp.tests.ConfigurationSecurityTests" time="0.001"/>
  <testcase name="testAvailableProvidersTracking" classname="com.cdata.mcp.tests.ConfigurationSecurityTests" time="0.0"/>
  <testcase name="testSecurityReportScoring" classname="com.cdata.mcp.tests.ConfigurationSecurityTests" time="0.001"/>
  <testcase name="testReportToString" classname="com.cdata.mcp.tests.ConfigurationSecurityTests" time="0.005"/>
  <testcase name="testEncryptConfigurationValue" classname="com.cdata.mcp.tests.ConfigurationSecurityTests" time="0.002">
    <system-err><![CDATA[[main] WARN com.cdata.mcp.config.EnvironmentConfigurationProvider - Generated new encryption key. Set environment variable MCP_CONFIG_ENCRYPTION_KEY=3X9qdzmqh00d6kkJ8s2hcJm1oPE9yKG/zcrmm/3K9HI=
[main] WARN com.cdata.mcp.config.EnvironmentConfigurationProvider - Store this key securely and remove from logs!
[main] INFO com.cdata.mcp.config.EnvironmentConfigurationProvider - Configuration loaded from: /var/folders/3n/_5sn289j6mx74d22p92f0p3h0000gn/T/junit7342034846591812256/test-config.properties
]]></system-err>
  </testcase>
  <testcase name="testEnvironmentVariablePriority" classname="com.cdata.mcp.tests.ConfigurationSecurityTests" time="0.0">
    <system-err><![CDATA[[main] WARN com.cdata.mcp.config.EnvironmentConfigurationProvider - Generated new encryption key. Set environment variable MCP_CONFIG_ENCRYPTION_KEY=8C/EpZOn1JMglWVEjykMosDDsTMxSnQHBbitgi6XEl4=
[main] WARN com.cdata.mcp.config.EnvironmentConfigurationProvider - Store this key securely and remove from logs!
[main] INFO com.cdata.mcp.config.EnvironmentConfigurationProvider - Configuration loaded from: /var/folders/3n/_5sn289j6mx74d22p92f0p3h0000gn/T/junit2703530906882102735/test-config.properties
]]></system-err>
  </testcase>
  <testcase name="testConfigurationSecurityReport" classname="com.cdata.mcp.tests.ConfigurationSecurityTests" time="0.002">
    <system-err><![CDATA[[main] WARN com.cdata.mcp.config.EnvironmentConfigurationProvider - Generated new encryption key. Set environment variable MCP_CONFIG_ENCRYPTION_KEY=6oB3bNWJ6yfggHh3j7CVbdKskD+GEAqVmR/h9hh/Jow=
[main] WARN com.cdata.mcp.config.EnvironmentConfigurationProvider - Store this key securely and remove from logs!
[main] INFO com.cdata.mcp.config.EnvironmentConfigurationProvider - Configuration loaded from: /var/folders/3n/_5sn289j6mx74d22p92f0p3h0000gn/T/junit115563883825332564/test-config.properties
]]></system-err>
  </testcase>
  <testcase name="testEncryptConfigurationValueWithoutInitialization" classname="com.cdata.mcp.tests.ConfigurationSecurityTests" time="0.0"/>
  <testcase name="testSecurityReportWithEncryptedValues" classname="com.cdata.mcp.tests.ConfigurationSecurityTests" time="0.001">
    <system-err><![CDATA[[main] WARN com.cdata.mcp.config.EnvironmentConfigurationProvider - Generated new encryption key. Set environment variable MCP_CONFIG_ENCRYPTION_KEY=vYzJDyji8Hz1EP44oJrYoMwg6fB6ACXL6MdhpeACIdA=
[main] WARN com.cdata.mcp.config.EnvironmentConfigurationProvider - Store this key securely and remove from logs!
[main] WARN com.cdata.mcp.config.EnvironmentConfigurationProvider - Generated new encryption key. Set environment variable MCP_CONFIG_ENCRYPTION_KEY=/DPS8SaXfx479BASKlkSapwn4wzukvsXUrr93ftlsZ0=
[main] WARN com.cdata.mcp.config.EnvironmentConfigurationProvider - Store this key securely and remove from logs!
[main] INFO com.cdata.mcp.config.EnvironmentConfigurationProvider - Configuration loaded from: /var/folders/3n/_5sn289j6mx74d22p92f0p3h0000gn/T/junit15995047190264476801/test-config.properties
]]></system-err>
  </testcase>
  <testcase name="testConfigurationShutdown" classname="com.cdata.mcp.tests.ConfigurationSecurityTests" time="0.001">
    <system-err><![CDATA[[main] WARN com.cdata.mcp.config.EnvironmentConfigurationProvider - Generated new encryption key. Set environment variable MCP_CONFIG_ENCRYPTION_KEY=uw9279dE3JtcIBGcq3Ja+XY+UBPy0WjU0pUPot1ckyM=
[main] WARN com.cdata.mcp.config.EnvironmentConfigurationProvider - Store this key securely and remove from logs!
[main] INFO com.cdata.mcp.config.EnvironmentConfigurationProvider - Configuration loaded from: /var/folders/3n/_5sn289j6mx74d22p92f0p3h0000gn/T/junit8956581378381524482/test-config.properties
]]></system-err>
  </testcase>
  <testcase name="testUnsecuredPropertiesTracking" classname="com.cdata.mcp.tests.ConfigurationSecurityTests" time="0.0"/>
  <testcase name="testConfigurationLoadingWithEnhancedProvider" classname="com.cdata.mcp.tests.ConfigurationSecurityTests" time="0.001">
    <system-err><![CDATA[[main] WARN com.cdata.mcp.config.EnvironmentConfigurationProvider - Generated new encryption key. Set environment variable MCP_CONFIG_ENCRYPTION_KEY=wrKreQUzFohLrf9c6W5Kk1CvJXPFzt1nBzp4sfcb6m4=
[main] WARN com.cdata.mcp.config.EnvironmentConfigurationProvider - Store this key securely and remove from logs!
[main] INFO com.cdata.mcp.config.EnvironmentConfigurationProvider - Configuration loaded from: /var/folders/3n/_5sn289j6mx74d22p92f0p3h0000gn/T/junit14049486693292353564/test-config.properties
]]></system-err>
  </testcase>
  <testcase name="testSecurePropertyRetrieval" classname="com.cdata.mcp.tests.ConfigurationSecurityTests" time="0.001">
    <system-err><![CDATA[[main] WARN com.cdata.mcp.config.EnvironmentConfigurationProvider - Generated new encryption key. Set environment variable MCP_CONFIG_ENCRYPTION_KEY=EfJzJxgGvrRSAJ7twhvH16v6h+u2gC/85SpW5pQ+wIw=
[main] WARN com.cdata.mcp.config.EnvironmentConfigurationProvider - Store this key securely and remove from logs!
[main] INFO com.cdata.mcp.config.EnvironmentConfigurationProvider - Configuration loaded from: /var/folders/3n/_5sn289j6mx74d22p92f0p3h0000gn/T/junit9387548511909683978/test-config.properties
]]></system-err>
  </testcase>
  <testcase name="testSecurityLevels" classname="com.cdata.mcp.tests.ConfigurationSecurityTests" time="0.001"/>
</testsuite>