<?xml version="1.0" encoding="UTF-8"?>
<testsuite xmlns:xsi="http://www.w3.org/2001/XMLSchema-instance" xsi:noNamespaceSchemaLocation="https://maven.apache.org/surefire/maven-surefire-plugin/xsd/surefire-test-report-3.0.xsd" version="3.0" name="com.cdata.mcp.tests.SecretManagerTests" time="0.044" tests="14" errors="0" skipped="0" failures="0">
  <properties>
[...]
</properties>
  <testcase name="testSetAndGetSecret" classname="com.cdata.mcp.tests.SecretManagerTests" time="0.001">
    <system-err><![CDATA[[main] WARN com.cdata.mcp.config.EnvironmentConfigurationProvider - Generated new encryption key. Set environment variable MCP_CONFIG_ENCRYPTION_KEY=csFn3mVj6lLtglL5aKRYBcyHswi+9+B9Ojm5yryK28E=
[main] WARN com.cdata.mcp.config.EnvironmentConfigurationProvider - Store this key securely and remove from logs!
]]></system-err>
  </testcase>
  <testcase name="testGetSecretFromFile" classname="com.cdata.mcp.tests.SecretManagerTests" time="0.001">
    <system-err><![CDATA[[main] WARN com.cdata.mcp.config.EnvironmentConfigurationProvider - Generated new encryption key. Set environment variable MCP_CONFIG_ENCRYPTION_KEY=kCEySkgXiEw09Zs1Sm1GQYvIvfFF6jahsZN3CS3WSdc=
[main] WARN com.cdata.mcp.config.EnvironmentConfigurationProvider - Store this key securely and remove from logs!
]]></system-err>
  </testcase>
  <testcase name="testProviderConfigurationChecks" classname="com.cdata.mcp.tests.SecretManagerTests" time="0.021">
    <system-err><![CDATA[[main] WARN com.cdata.mcp.config.EnvironmentConfigurationProvider - Generated new encryption key. Set environment variable MCP_CONFIG_ENCRYPTION_KEY=Lfhl2CdI11yi+zttVVoUAlxJ4F0wu91f7bxPH4LAP7s=
[main] WARN com.cdata.mcp.config.EnvironmentConfigurationProvider - Store this key securely and remove from logs!
]]></system-err>
  </testcase>
  <testcase name="testClearCache" classname="com.cdata.mcp.tests.SecretManagerTests" time="0.003">
    <system-err><![CDATA[[main] WARN com.cdata.mcp.config.EnvironmentConfigurationProvider - Generated new encryption key. Set environment variable MCP_CONFIG_ENCRYPTION_KEY=gt4bahpY0VsGuYpJnfpVnz46GbYn5Z7RaeTq02FiS8I=
[main] WARN com.cdata.mcp.config.EnvironmentConfigurationProvider - Store this key securely and remove from logs!
]]></system-err>
  </testcase>
  <testcase name="testAvailableProviders" classname="com.cdata.mcp.tests.SecretManagerTests" time="0.0">
    <system-err><![CDATA[[main] WARN com.cdata.mcp.config.EnvironmentConfigurationProvider - Generated new encryption key. Set environment variable MCP_CONFIG_ENCRYPTION_KEY=6WPCVitp3pt0T3rxa+T45bq4337pPQT9vOGo2/9fwbQ=
[main] WARN com.cdata.mcp.config.EnvironmentConfigurationProvider - Store this key securely and remove from logs!
]]></system-err>
  </testcase>
  <testcase name="testSecretNotFoundExceptionWithCause" classname="com.cdata.mcp.tests.SecretManagerTests" time="0.0">
    <system-err><![CDATA[[main] WARN com.cdata.mcp.config.EnvironmentConfigurationProvider - Generated new encryption key. Set environment variable MCP_CONFIG_ENCRYPTION_KEY=LKGqmgJ6Ul4QoORDmbHoHoWc0Czv1QogASmlm/ev8OU=
[main] WARN com.cdata.mcp.config.EnvironmentConfigurationProvider - Store this key securely and remove from logs!
]]></system-err>
  </testcase>
  <testcase name="testSecretOverwrite" classname="com.cdata.mcp.tests.SecretManagerTests" time="0.001">
    <system-err><![CDATA[[main] WARN com.cdata.mcp.config.EnvironmentConfigurationProvider - Generated new encryption key. Set environment variable MCP_CONFIG_ENCRYPTION_KEY=ADLH7Tdyf3mHe0nY603R06aKTFN2x/2QNSzTvjwIYH8=
[main] WARN com.cdata.mcp.config.EnvironmentConfigurationProvider - Store this key securely and remove from logs!
]]></system-err>
  </testcase>
  <testcase name="testIsConfigured" classname="com.cdata.mcp.tests.SecretManagerTests" time="0.001">
    <system-err><![CDATA[[main] WARN com.cdata.mcp.config.EnvironmentConfigurationProvider - Generated new encryption key. Set environment variable MCP_CONFIG_ENCRYPTION_KEY=/4JgkMpkYnRwIFjudyqXQSSDu+79JMjhWOEIs/6OqMQ=
[main] WARN com.cdata.mcp.config.EnvironmentConfigurationProvider - Store this key securely and remove from logs!
]]></system-err>
  </testcase>
  <testcase name="testSecretManagerWithNullConfigProvider" classname="com.cdata.mcp.tests.SecretManagerTests" time="0.0">
    <system-err><![CDATA[[main] WARN com.cdata.mcp.config.EnvironmentConfigurationProvider - Generated new encryption key. Set environment variable MCP_CONFIG_ENCRYPTION_KEY=5jmihM3z/iJ88XnmDdjdG/h2CL18ZsqFHX/eG8pDmTs=
[main] WARN com.cdata.mcp.config.EnvironmentConfigurationProvider - Store this key securely and remove from logs!
]]></system-err>
  </testcase>
  <testcase name="testGetNonExistentSecret" classname="com.cdata.mcp.tests.SecretManagerTests" time="0.008">
    <system-err><![CDATA[[main] WARN com.cdata.mcp.config.EnvironmentConfigurationProvider - Generated new encryption key. Set environment variable MCP_CONFIG_ENCRYPTION_KEY=ZiX8cU98H9IH3WN8YOA4Rh69d7c2fdCIt+79yVHfDp0=
[main] WARN com.cdata.mcp.config.EnvironmentConfigurationProvider - Store this key securely and remove from logs!
]]></system-err>
  </testcase>
  <testcase name="testMultipleSecretRetrieval" classname="com.cdata.mcp.tests.SecretManagerTests" time="0.0">
    <system-err><![CDATA[[main] WARN com.cdata.mcp.config.EnvironmentConfigurationProvider - Generated new encryption key. Set environment variable MCP_CONFIG_ENCRYPTION_KEY=oaq4PI/PFSpOGy3zLmn7Nc5HPcHDbRRVLMIq9irkWM8=
[main] WARN com.cdata.mcp.config.EnvironmentConfigurationProvider - Store this key securely and remove from logs!
]]></system-err>
  </testcase>
  <testcase name="testSecretCache" classname="com.cdata.mcp.tests.SecretManagerTests" time="0.0">
    <system-err><![CDATA[[main] WARN com.cdata.mcp.config.EnvironmentConfigurationProvider - Generated new encryption key. Set environment variable MCP_CONFIG_ENCRYPTION_KEY=JppBVtDukuRC/WjHljarS7KW+62xE0AwqVxie4cqBps=
[main] WARN com.cdata.mcp.config.EnvironmentConfigurationProvider - Store this key securely and remove from logs!
]]></system-err>
  </testcase>
  <testcase name="testConcurrentSecretAccess" classname="com.cdata.mcp.tests.SecretManagerTests" time="0.0">
    <system-err><![CDATA[[main] WARN com.cdata.mcp.config.EnvironmentConfigurationProvider - Generated new encryption key. Set environment variable MCP_CONFIG_ENCRYPTION_KEY=nG4NIS/Ay5G6LfXiHvrV8OC/+s1MvZ+1Czl0kp2DQgc=
[main] WARN com.cdata.mcp.config.EnvironmentConfigurationProvider - Store this key securely and remove from logs!
]]></system-err>
  </testcase>
  <testcase name="testSecretNotFoundExceptionMessage" classname="com.cdata.mcp.tests.SecretManagerTests" time="0.0">
    <system-err><![CDATA[[main] WARN com.cdata.mcp.config.EnvironmentConfigurationProvider - Generated new encryption key. Set environment variable MCP_CONFIG_ENCRYPTION_KEY=alAYvXfWneFDDu1nKvMhLBThycaC+u8lOWki7QGrvZg=
[main] WARN com.cdata.mcp.config.EnvironmentConfigurationProvider - Store this key securely and remove from logs!
]]></system-err>
  </testcase>
</testsuite>