<?xml version="1.0" encoding="UTF-8"?>
<testsuite xmlns:xsi="http://www.w3.org/2001/XMLSchema-instance" xsi:noNamespaceSchemaLocation="https://maven.apache.org/surefire/maven-surefire-plugin/xsd/surefire-test-report-3.0.xsd" version="3.0" name="com.cdata.mcp.tests.EnvironmentConfigurationTests" time="0.06" tests="17" errors="0" skipped="0" failures="0">
  <properties>
[...]
</properties>
  <testcase name="testClearProperties" classname="com.cdata.mcp.tests.EnvironmentConfigurationTests" time="0.038">
    <system-err><![CDATA[[main] WARN com.cdata.mcp.config.EnvironmentConfigurationProvider - Generated new encryption key. Set environment variable MCP_CONFIG_ENCRYPTION_KEY=5cMPZN4HVbdI//SSZSxMhl/0uIkBTUJgst3BwZaNJIQ=
[main] WARN com.cdata.mcp.config.EnvironmentConfigurationProvider - Store this key securely and remove from logs!
[main] INFO com.cdata.mcp.config.EnvironmentConfigurationProvider - Configuration loaded from: /var/folders/3n/_5sn289j6mx74d22p92f0p3h0000gn/T/junit3205802250349387408/test-config.properties
]]></system-err>
  </testcase>
  <testcase name="testBasicPropertyLoading" classname="com.cdata.mcp.tests.EnvironmentConfigurationTests" time="0.001">
    <system-err><![CDATA[[main] WARN com.cdata.mcp.config.EnvironmentConfigurationProvider - Generated new encryption key. Set environment variable MCP_CONFIG_ENCRYPTION_KEY=yXuR8TKh4U6+P28ZhCSuBhAGgKA1EMpqHc2ru3EtWdk=
[main] WARN com.cdata.mcp.config.EnvironmentConfigurationProvider - Store this key securely and remove from logs!
[main] INFO com.cdata.mcp.config.EnvironmentConfigurationProvider - Configuration loaded from: /var/folders/3n/_5sn289j6mx74d22p92f0p3h0000gn/T/junit15166575865087998898/test-config.properties
]]></system-err>
  </testcase>
  <testcase name="testDefaultValues" classname="com.cdata.mcp.tests.EnvironmentConfigurationTests" time="0.0">
    <system-err><![CDATA[[main] WARN com.cdata.mcp.config.EnvironmentConfigurationProvider - Generated new encryption key. Set environment variable MCP_CONFIG_ENCRYPTION_KEY=+tnGTlfWQH9J9cIO2QGkRQMc7WTy2YV73t615uIn6kM=
[main] WARN com.cdata.mcp.config.EnvironmentConfigurationProvider - Store this key securely and remove from logs!
[main] INFO com.cdata.mcp.config.EnvironmentConfigurationProvider - Configuration loaded from: /var/folders/3n/_5sn289j6mx74d22p92f0p3h0000gn/T/junit4577726306122439520/test-config.properties
]]></system-err>
  </testcase>
  <testcase name="testEnvironmentKeyConversion" classname="com.cdata.mcp.tests.EnvironmentConfigurationTests" time="0.001">
    <system-err><![CDATA[[main] WARN com.cdata.mcp.config.EnvironmentConfigurationProvider - Generated new encryption key. Set environment variable MCP_CONFIG_ENCRYPTION_KEY=p9wSI5sqXsucmsYfgznDM1sthEQWfoDNyJoPYsaQsOE=
[main] WARN com.cdata.mcp.config.EnvironmentConfigurationProvider - Store this key securely and remove from logs!
[main] WARN com.cdata.mcp.config.EnvironmentConfigurationProvider - Generated new encryption key. Set environment variable MCP_CONFIG_ENCRYPTION_KEY=mPv1uh13U1i9ER1E5xnJpilwbQp1a3osVaxRxD0ko+w=
[main] WARN com.cdata.mcp.config.EnvironmentConfigurationProvider - Store this key securely and remove from logs!
]]></system-err>
  </testcase>
  <testcase name="testNonExistentConfigFile" classname="com.cdata.mcp.tests.EnvironmentConfigurationTests" time="0.003">
    <system-err><![CDATA[[main] WARN com.cdata.mcp.config.EnvironmentConfigurationProvider - Generated new encryption key. Set environment variable MCP_CONFIG_ENCRYPTION_KEY=nHnLTCUMheBOOkb/Mh32W6SvwR+c1GIFaLvyNV4dVBQ=
[main] WARN com.cdata.mcp.config.EnvironmentConfigurationProvider - Store this key securely and remove from logs!
]]></system-err>
  </testcase>
  <testcase name="testPropertyKeysRetrieval" classname="com.cdata.mcp.tests.EnvironmentConfigurationTests" time="0.0">
    <system-err><![CDATA[[main] WARN com.cdata.mcp.config.EnvironmentConfigurationProvider - Generated new encryption key. Set environment variable MCP_CONFIG_ENCRYPTION_KEY=xec3LkV04lr1Thqk8UTHJ6FwUgmd6brGdxBOEp+aQtY=
[main] WARN com.cdata.mcp.config.EnvironmentConfigurationProvider - Store this key securely and remove from logs!
[main] INFO com.cdata.mcp.config.EnvironmentConfigurationProvider - Configuration loaded from: /var/folders/3n/_5sn289j6mx74d22p92f0p3h0000gn/T/junit78982788574506274/test-config.properties
]]></system-err>
  </testcase>
  <testcase name="testFilePermissionValidation" classname="com.cdata.mcp.tests.EnvironmentConfigurationTests" time="0.005">
    <system-err><![CDATA[[main] WARN com.cdata.mcp.config.EnvironmentConfigurationProvider - Generated new encryption key. Set environment variable MCP_CONFIG_ENCRYPTION_KEY=e6Drm4PzZ+HGYu4ymCcxGI+4ruTuTABLrrLVeIbT57Y=
[main] WARN com.cdata.mcp.config.EnvironmentConfigurationProvider - Store this key securely and remove from logs!
[main] INFO com.cdata.mcp.config.EnvironmentConfigurationProvider - Configuration loaded from: /var/folders/3n/_5sn289j6mx74d22p92f0p3h0000gn/T/junit8220262909347762502/test-config.properties
[main] WARN com.cdata.mcp.config.EnvironmentConfigurationProvider - Generated new encryption key. Set environment variable MCP_CONFIG_ENCRYPTION_KEY=jaHZ6oYzIBtnRsJ2JUIs5ZrPQ1VWKg3qwoP/ou0v0ow=
[main] WARN com.cdata.mcp.config.EnvironmentConfigurationProvider - Store this key securely and remove from logs!
]]></system-err>
  </testcase>
  <testcase name="testRequiredProperty" classname="com.cdata.mcp.tests.EnvironmentConfigurationTests" time="0.0">
    <system-err><![CDATA[[main] WARN com.cdata.mcp.config.EnvironmentConfigurationProvider - Generated new encryption key. Set environment variable MCP_CONFIG_ENCRYPTION_KEY=AvqU/1TcZQHPPA3RIzAyws8jwGvcH+VUbb+MHAs/34g=
[main] WARN com.cdata.mcp.config.EnvironmentConfigurationProvider - Store this key securely and remove from logs!
[main] INFO com.cdata.mcp.config.EnvironmentConfigurationProvider - Configuration loaded from: /var/folders/3n/_5sn289j6mx74d22p92f0p3h0000gn/T/junit9861781668322517419/test-config.properties
]]></system-err>
  </testcase>
  <testcase name="testConfigurationSecurityValidation" classname="com.cdata.mcp.tests.EnvironmentConfigurationTests" time="0.002">
    <system-err><![CDATA[[main] WARN com.cdata.mcp.config.EnvironmentConfigurationProvider - Generated new encryption key. Set environment variable MCP_CONFIG_ENCRYPTION_KEY=VERymslAqK9wSg/4yagbciXjPioo09m0uU81hYlTMwY=
[main] WARN com.cdata.mcp.config.EnvironmentConfigurationProvider - Store this key securely and remove from logs!
[main] INFO com.cdata.mcp.config.EnvironmentConfigurationProvider - Configuration loaded from: /var/folders/3n/_5sn289j6mx74d22p92f0p3h0000gn/T/junit15247560525413363949/test-config.properties
]]></system-err>
  </testcase>
  <testcase name="testInvalidNumericValues" classname="com.cdata.mcp.tests.EnvironmentConfigurationTests" time="0.0">
    <system-err><![CDATA[[main] WARN com.cdata.mcp.config.EnvironmentConfigurationProvider - Generated new encryption key. Set environment variable MCP_CONFIG_ENCRYPTION_KEY=hRf5AeWiwUz9HaGSWBstqRx0l15pgF4yDTeMD7hnC0U=
[main] WARN com.cdata.mcp.config.EnvironmentConfigurationProvider - Store this key securely and remove from logs!
[main] INFO com.cdata.mcp.config.EnvironmentConfigurationProvider - Configuration loaded from: /var/folders/3n/_5sn289j6mx74d22p92f0p3h0000gn/T/junit4259073809261077701/test-config.properties
[main] WARN com.cdata.mcp.config.EnvironmentConfigurationProvider - Invalid integer value for property InvalidNumber: notANumber, using default: 100
[main] WARN com.cdata.mcp.config.EnvironmentConfigurationProvider - Invalid long value for property InvalidNumber: notANumber, using default: 200
]]></system-err>
  </testcase>
  <testcase name="testTypedProperties" classname="com.cdata.mcp.tests.EnvironmentConfigurationTests" time="0.003">
    <system-err><![CDATA[[main] WARN com.cdata.mcp.config.EnvironmentConfigurationProvider - Generated new encryption key. Set environment variable MCP_CONFIG_ENCRYPTION_KEY=94mWrqp4np6RrB/KtteI+CU802l4IcBQYnD5MUwT1pU=
[main] WARN com.cdata.mcp.config.EnvironmentConfigurationProvider - Store this key securely and remove from logs!
[main] INFO com.cdata.mcp.config.EnvironmentConfigurationProvider - Configuration loaded from: /var/folders/3n/_5sn289j6mx74d22p92f0p3h0000gn/T/junit1787091453871417930/test-config.properties
]]></system-err>
  </testcase>
  <testcase name="testEnvironmentVariableOverride" classname="com.cdata.mcp.tests.EnvironmentConfigurationTests" time="0.0">
    <system-err><![CDATA[[main] WARN com.cdata.mcp.config.EnvironmentConfigurationProvider - Generated new encryption key. Set environment variable MCP_CONFIG_ENCRYPTION_KEY=0bHDOjiaSJvtq/4z4M4frCgQyzZ1keVcsfJkM9DqskY=
[main] WARN com.cdata.mcp.config.EnvironmentConfigurationProvider - Store this key securely and remove from logs!
[main] INFO com.cdata.mcp.config.EnvironmentConfigurationProvider - Configuration loaded from: /var/folders/3n/_5sn289j6mx74d22p92f0p3h0000gn/T/junit5580112934559067884/test-config.properties
]]></system-err>
  </testcase>
  <testcase name="testEncryptionAndDecryption" classname="com.cdata.mcp.tests.EnvironmentConfigurationTests" time="0.002">
    <system-err><![CDATA[[main] WARN com.cdata.mcp.config.EnvironmentConfigurationProvider - Generated new encryption key. Set environment variable MCP_CONFIG_ENCRYPTION_KEY=/PbQ3aCdcz18aBEYSYBIR57oEDkZnOItWcFSfTIB4Jg=
[main] WARN com.cdata.mcp.config.EnvironmentConfigurationProvider - Store this key securely and remove from logs!
]]></system-err>
  </testcase>
  <testcase name="testEncryptionRoundTrip" classname="com.cdata.mcp.tests.EnvironmentConfigurationTests" time="0.002">
    <system-err><![CDATA[[main] WARN com.cdata.mcp.config.EnvironmentConfigurationProvider - Generated new encryption key. Set environment variable MCP_CONFIG_ENCRYPTION_KEY=zzgVjqgWxOK47Hqi+Zh5sZYoupmnB+0v6IqXQovEgY0=
[main] WARN com.cdata.mcp.config.EnvironmentConfigurationProvider - Store this key securely and remove from logs!
[main] INFO com.cdata.mcp.config.EnvironmentConfigurationProvider - Configuration loaded from: /var/folders/3n/_5sn289j6mx74d22p92f0p3h0000gn/T/junit1091585719061969798/test-config.properties
]]></system-err>
  </testcase>
  <testcase name="testIsEncryptedMethod" classname="com.cdata.mcp.tests.EnvironmentConfigurationTests" time="0.0">
    <system-err><![CDATA[[main] WARN com.cdata.mcp.config.EnvironmentConfigurationProvider - Generated new encryption key. Set environment variable MCP_CONFIG_ENCRYPTION_KEY=rK7wBMnj/rJzQIOEK/8gyFZCTzq/5MeC1TCflKeQWQE=
[main] WARN com.cdata.mcp.config.EnvironmentConfigurationProvider - Store this key securely and remove from logs!
]]></system-err>
  </testcase>
  <testcase name="testNullAndEmptyEncryption" classname="com.cdata.mcp.tests.EnvironmentConfigurationTests" time="0.0">
    <system-err><![CDATA[[main] WARN com.cdata.mcp.config.EnvironmentConfigurationProvider - Generated new encryption key. Set environment variable MCP_CONFIG_ENCRYPTION_KEY=kWiVqWFVXDASxcIIeO6bXBqQogX4OwFB8puPnrs3QKA=
[main] WARN com.cdata.mcp.config.EnvironmentConfigurationProvider - Store this key securely and remove from logs!
]]></system-err>
  </testcase>
  <testcase name="testMultipleEncryptionOperations" classname="com.cdata.mcp.tests.EnvironmentConfigurationTests" time="0.001">
    <system-err><![CDATA[[main] WARN com.cdata.mcp.config.EnvironmentConfigurationProvider - Generated new encryption key. Set environment variable MCP_CONFIG_ENCRYPTION_KEY=WPsyC2fdYisofu8LgaNpkhQFsQSky8ZfcD1izUtyAxw=
[main] WARN com.cdata.mcp.config.EnvironmentConfigurationProvider - Store this key securely and remove from logs!
]]></system-err>
  </testcase>
</testsuite>