<?xml version="1.0" encoding="UTF-8"?>
<testsuite xmlns:xsi="http://www.w3.org/2001/XMLSchema-instance" xsi:noNamespaceSchemaLocation="https://maven.apache.org/surefire/maven-surefire-plugin/xsd/surefire-test-report-3.0.xsd" version="3.0" name="com.cdata.mcp.tests.AuthenticationManagerTests" time="0.106" tests="16" errors="0" skipped="0" failures="0">
  <properties>
[...]
</properties>
  <testcase name="testAuthenticationDisabled" classname="com.cdata.mcp.tests.AuthenticationManagerTests" time="0.0">
    <system-err><![CDATA[[main] INFO com.cdata.mcp.auth.AuthenticationManager - API key created: 'default-admin' with role 'ADMIN'
[main] WARN com.cdata.mcp.auth.AuthenticationManager - Created default admin API key. Key: mcp_bosI8FMSeuTYy9GEZXa701MxurMosaii9q6B_ERSjf0 (Store securely and change immediately!)
[main] INFO com.cdata.mcp.auth.AuthenticationManager - Authentication manager initialized - Required: true, Session timeout: 10 minutes
[main] INFO com.cdata.mcp.auth.AuthenticationManager - Authentication manager initialized - Required: false, Session timeout: 10 minutes
]]></system-err>
  </testcase>
  <testcase name="testDefaultAdminKeyCreation" classname="com.cdata.mcp.tests.AuthenticationManagerTests" time="0.0">
    <system-err><![CDATA[[main] INFO com.cdata.mcp.auth.AuthenticationManager - API key created: 'default-admin' with role 'ADMIN'
[main] WARN com.cdata.mcp.auth.AuthenticationManager - Created default admin API key. Key: mcp_q1lq_fzAmfUWcvHPQ35kyNR_baMjsPSyTq4YMrNNNyI (Store securely and change immediately!)
[main] INFO com.cdata.mcp.auth.AuthenticationManager - Authentication manager initialized - Required: true, Session timeout: 10 minutes
]]></system-err>
  </testcase>
  <testcase name="testExpiredApiKey" classname="com.cdata.mcp.tests.AuthenticationManagerTests" time="0.0">
    <system-err><![CDATA[[main] INFO com.cdata.mcp.auth.AuthenticationManager - API key created: 'default-admin' with role 'ADMIN'
[main] WARN com.cdata.mcp.auth.AuthenticationManager - Created default admin API key. Key: mcp_5llz9tYbL51cSsmN_fjj_O7BejxAMhdOyqeZr3uaF6w (Store securely and change immediately!)
[main] INFO com.cdata.mcp.auth.AuthenticationManager - Authentication manager initialized - Required: true, Session timeout: 10 minutes
[main] INFO com.cdata.mcp.auth.AuthenticationManager - API key created: 'expired-user' with role 'USER'
[main] WARN com.cdata.mcp.auth.AuthenticationManager - Authentication failed: Expired API key 'expired-user' from 127.0.0.1
]]></system-err>
  </testcase>
  <testcase name="testInvalidSessionToken" classname="com.cdata.mcp.tests.AuthenticationManagerTests" time="0.001">
    <system-err><![CDATA[[main] INFO com.cdata.mcp.auth.AuthenticationManager - API key created: 'default-admin' with role 'ADMIN'
[main] WARN com.cdata.mcp.auth.AuthenticationManager - Created default admin API key. Key: mcp_Ho_4KhF_c_IggvUcjpBIwp30zVFsiEXqSpCalFF-a14 (Store securely and change immediately!)
[main] INFO com.cdata.mcp.auth.AuthenticationManager - Authentication manager initialized - Required: true, Session timeout: 10 minutes
]]></system-err>
  </testcase>
  <testcase name="testApiKeyRevocation" classname="com.cdata.mcp.tests.AuthenticationManagerTests" time="0.0">
    <system-err><![CDATA[[main] INFO com.cdata.mcp.auth.AuthenticationManager - API key created: 'default-admin' with role 'ADMIN'
[main] WARN com.cdata.mcp.auth.AuthenticationManager - Created default admin API key. Key: mcp_7LaU4n7tlbkwxwqKkLAKZ_kGF4ih9lLZiS_2-3Pciak (Store securely and change immediately!)
[main] INFO com.cdata.mcp.auth.AuthenticationManager - Authentication manager initialized - Required: true, Session timeout: 10 minutes
[main] INFO com.cdata.mcp.auth.AuthenticationManager - API key created: 'test-user' with role 'USER'
[main] INFO com.cdata.mcp.auth.AuthenticationManager - Authentication successful: User 'test-user' with role 'USER' from 127.0.0.1
[main] INFO com.cdata.mcp.auth.AuthenticationManager - API key revoked: 'test-user'
[main] WARN com.cdata.mcp.auth.AuthenticationManager - Authentication failed: Disabled API key 'test-user' from 127.0.0.1
]]></system-err>
  </testcase>
  <testcase name="testFailedAuthenticationInvalidKey" classname="com.cdata.mcp.tests.AuthenticationManagerTests" time="0.0">
    <system-err><![CDATA[[main] INFO com.cdata.mcp.auth.AuthenticationManager - API key created: 'default-admin' with role 'ADMIN'
[main] WARN com.cdata.mcp.auth.AuthenticationManager - Created default admin API key. Key: mcp_BS3ROFOhj4X_gfOGXU5t68tmkIULdPpchhsSgrcA4ms (Store securely and change immediately!)
[main] INFO com.cdata.mcp.auth.AuthenticationManager - Authentication manager initialized - Required: true, Session timeout: 10 minutes
[main] WARN com.cdata.mcp.auth.AuthenticationManager - Authentication failed: Invalid API key from 127.0.0.1
]]></system-err>
  </testcase>
  <testcase name="testAuthenticationStats" classname="com.cdata.mcp.tests.AuthenticationManagerTests" time="0.0">
    <system-err><![CDATA[[main] INFO com.cdata.mcp.auth.AuthenticationManager - API key created: 'default-admin' with role 'ADMIN'
[main] WARN com.cdata.mcp.auth.AuthenticationManager - Created default admin API key. Key: mcp_weokK5jN9pUSwDa_09wjGTbug13V1u5iyACQnf4Dc_4 (Store securely and change immediately!)
[main] INFO com.cdata.mcp.auth.AuthenticationManager - Authentication manager initialized - Required: true, Session timeout: 10 minutes
[main] INFO com.cdata.mcp.auth.AuthenticationManager - API key created: 'user1' with role 'USER'
[main] INFO com.cdata.mcp.auth.AuthenticationManager - API key created: 'user2' with role 'ADMIN'
[main] INFO com.cdata.mcp.auth.AuthenticationManager - API key created: 'user3' with role 'USER'
[main] INFO com.cdata.mcp.auth.AuthenticationManager - Authentication successful: User 'user3' with role 'USER' from 127.0.0.1
]]></system-err>
  </testcase>
  <testcase name="testSuccessfulAuthentication" classname="com.cdata.mcp.tests.AuthenticationManagerTests" time="0.0">
    <system-err><![CDATA[[main] INFO com.cdata.mcp.auth.AuthenticationManager - API key created: 'default-admin' with role 'ADMIN'
[main] WARN com.cdata.mcp.auth.AuthenticationManager - Created default admin API key. Key: mcp_e7aE-znesgS_4yxNxJtIrKai71e3GU-yCVCzoXzbA5A (Store securely and change immediately!)
[main] INFO com.cdata.mcp.auth.AuthenticationManager - Authentication manager initialized - Required: true, Session timeout: 10 minutes
[main] INFO com.cdata.mcp.auth.AuthenticationManager - API key created: 'test-user' with role 'USER'
[main] INFO com.cdata.mcp.auth.AuthenticationManager - Authentication successful: User 'test-user' with role 'USER' from 127.0.0.1
]]></system-err>
  </testcase>
  <testcase name="testSessionValidation" classname="com.cdata.mcp.tests.AuthenticationManagerTests" time="0.001">
    <system-err><![CDATA[[main] INFO com.cdata.mcp.auth.AuthenticationManager - API key created: 'default-admin' with role 'ADMIN'
[main] WARN com.cdata.mcp.auth.AuthenticationManager - Created default admin API key. Key: mcp_imNc-APw0A-Fp6-qmtuRbbXdBMtJq4TrWzpaQ07jf3c (Store securely and change immediately!)
[main] INFO com.cdata.mcp.auth.AuthenticationManager - Authentication manager initialized - Required: true, Session timeout: 10 minutes
[main] INFO com.cdata.mcp.auth.AuthenticationManager - API key created: 'test-user' with role 'USER'
[main] INFO com.cdata.mcp.auth.AuthenticationManager - Authentication successful: User 'test-user' with role 'USER' from 127.0.0.1
]]></system-err>
  </testcase>
  <testcase name="testRolePermissions" classname="com.cdata.mcp.tests.AuthenticationManagerTests" time="0.0">
    <system-err><![CDATA[[main] INFO com.cdata.mcp.auth.AuthenticationManager - API key created: 'default-admin' with role 'ADMIN'
[main] WARN com.cdata.mcp.auth.AuthenticationManager - Created default admin API key. Key: mcp_JJ-Rg4uL4b9oVrybRLcIkdjhjqeLc0HN7dPimfGdoNY (Store securely and change immediately!)
[main] INFO com.cdata.mcp.auth.AuthenticationManager - Authentication manager initialized - Required: true, Session timeout: 10 minutes
]]></system-err>
  </testcase>
  <testcase name="testFailedAuthenticationMissingKey" classname="com.cdata.mcp.tests.AuthenticationManagerTests" time="0.0">
    <system-err><![CDATA[[main] INFO com.cdata.mcp.auth.AuthenticationManager - API key created: 'default-admin' with role 'ADMIN'
[main] WARN com.cdata.mcp.auth.AuthenticationManager - Created default admin API key. Key: mcp_uDTT_dRg0JnPDcnt7pZ_aYRrWYqNki5N3VjGcbH_-7A (Store securely and change immediately!)
[main] INFO com.cdata.mcp.auth.AuthenticationManager - Authentication manager initialized - Required: true, Session timeout: 10 minutes
[main] WARN com.cdata.mcp.auth.AuthenticationManager - Authentication failed: Missing API key from 127.0.0.1
]]></system-err>
  </testcase>
  <testcase name="testRoleInclusion" classname="com.cdata.mcp.tests.AuthenticationManagerTests" time="0.0">
    <system-err><![CDATA[[main] INFO com.cdata.mcp.auth.AuthenticationManager - API key created: 'default-admin' with role 'ADMIN'
[main] WARN com.cdata.mcp.auth.AuthenticationManager - Created default admin API key. Key: mcp_Bq1n8F213HQa3pGYeQiDB1UmyxUIWkfz29zCUBHR6l0 (Store securely and change immediately!)
[main] INFO com.cdata.mcp.auth.AuthenticationManager - Authentication manager initialized - Required: true, Session timeout: 10 minutes
]]></system-err>
  </testcase>
  <testcase name="testSessionCleanup" classname="com.cdata.mcp.tests.AuthenticationManagerTests" time="0.101">
    <system-err><![CDATA[[main] INFO com.cdata.mcp.auth.AuthenticationManager - API key created: 'default-admin' with role 'ADMIN'
[main] WARN com.cdata.mcp.auth.AuthenticationManager - Created default admin API key. Key: mcp__oysI3-i0bOzOWn4SB8whiEj8a-X0epo2cu-odPLWRE (Store securely and change immediately!)
[main] INFO com.cdata.mcp.auth.AuthenticationManager - Authentication manager initialized - Required: true, Session timeout: 10 minutes
[main] INFO com.cdata.mcp.auth.AuthenticationManager - API key created: 'default-admin' with role 'ADMIN'
[main] WARN com.cdata.mcp.auth.AuthenticationManager - Created default admin API key. Key: mcp_-wVNLneNyvdGAVpHhJr0jS5GdcRTERGZxG678JOER2E (Store securely and change immediately!)
[main] INFO com.cdata.mcp.auth.AuthenticationManager - Authentication manager initialized - Required: true, Session timeout: 0 minutes
[main] INFO com.cdata.mcp.auth.AuthenticationManager - API key created: 'test-user' with role 'USER'
[main] INFO com.cdata.mcp.auth.AuthenticationManager - Authentication successful: User 'test-user' with role 'USER' from 127.0.0.1
]]></system-err>
  </testcase>
  <testcase name="testSessionLogout" classname="com.cdata.mcp.tests.AuthenticationManagerTests" time="0.001">
    <system-err><![CDATA[[main] INFO com.cdata.mcp.auth.AuthenticationManager - API key created: 'default-admin' with role 'ADMIN'
[main] WARN com.cdata.mcp.auth.AuthenticationManager - Created default admin API key. Key: mcp_8pgIdf7GElil5u_cukQ6ru70G4ljCBIJzmmWs3lH9iI (Store securely and change immediately!)
[main] INFO com.cdata.mcp.auth.AuthenticationManager - Authentication manager initialized - Required: true, Session timeout: 10 minutes
[main] INFO com.cdata.mcp.auth.AuthenticationManager - API key created: 'test-user' with role 'USER'
[main] INFO com.cdata.mcp.auth.AuthenticationManager - Authentication successful: User 'test-user' with role 'USER' from 127.0.0.1
[main] INFO com.cdata.mcp.auth.AuthenticationManager - Session logged out: User 'test-user' from 127.0.0.1
]]></system-err>
  </testcase>
  <testcase name="testPermissionChecking" classname="com.cdata.mcp.tests.AuthenticationManagerTests" time="0.0">
    <system-err><![CDATA[[main] INFO com.cdata.mcp.auth.AuthenticationManager - API key created: 'default-admin' with role 'ADMIN'
[main] WARN com.cdata.mcp.auth.AuthenticationManager - Created default admin API key. Key: mcp_fnEsmmwt8txaitI5jiV6ApkSFr2JTTb6Y-sEDckfcqQ (Store securely and change immediately!)
[main] INFO com.cdata.mcp.auth.AuthenticationManager - Authentication manager initialized - Required: true, Session timeout: 10 minutes
[main] INFO com.cdata.mcp.auth.AuthenticationManager - API key created: 'test-user' with role 'USER'
[main] INFO com.cdata.mcp.auth.AuthenticationManager - Authentication successful: User 'test-user' with role 'USER' from 127.0.0.1
]]></system-err>
  </testcase>
  <testcase name="testCreateApiKey" classname="com.cdata.mcp.tests.AuthenticationManagerTests" time="0.001">
    <system-err><![CDATA[[main] INFO com.cdata.mcp.auth.AuthenticationManager - API key created: 'default-admin' with role 'ADMIN'
[main] WARN com.cdata.mcp.auth.AuthenticationManager - Created default admin API key. Key: mcp_59ED96ButdIyh-miJzEwuRno-SnyV3DgXOgTqv0WnAM (Store securely and change immediately!)
[main] INFO com.cdata.mcp.auth.AuthenticationManager - Authentication manager initialized - Required: true, Session timeout: 10 minutes
[main] INFO com.cdata.mcp.auth.AuthenticationManager - API key created: 'test-user' with role 'USER'
]]></system-err>
  </testcase>
</testsuite>