<?xml version="1.0" encoding="UTF-8"?>
<testsuite xmlns:xsi="http://www.w3.org/2001/XMLSchema-instance" xsi:noNamespaceSchemaLocation="https://maven.apache.org/surefire/maven-surefire-plugin/xsd/surefire-test-report-3.0.xsd" version="3.0" name="com.cdata.mcp.tests.RunQueryToolSecurityTests" time="0.067" tests="11" errors="0" skipped="0" failures="0">
  <properties>
[...]
</properties>
  <testcase name="testDeleteQuery" classname="com.cdata.mcp.tests.RunQueryToolSecurityTests" time="0.001"/>
  <testcase name="testEmptyQuery" classname="com.cdata.mcp.tests.RunQueryToolSecurityTests" time="0.0"/>
  <testcase name="testUpdateQuery" classname="com.cdata.mcp.tests.RunQueryToolSecurityTests" time="0.0"/>
  <testcase name="testSelectWithJoin" classname="com.cdata.mcp.tests.RunQueryToolSecurityTests" time="0.0"/>
  <testcase name="testInsertQuery" classname="com.cdata.mcp.tests.RunQueryToolSecurityTests" time="0.0"/>
  <testcase name="testSqlInjectionWithSemicolon" classname="com.cdata.mcp.tests.RunQueryToolSecurityTests" time="0.0"/>
  <testcase name="testSqlComments" classname="com.cdata.mcp.tests.RunQueryToolSecurityTests" time="0.0"/>
  <testcase name="testDropTable" classname="com.cdata.mcp.tests.RunQueryToolSecurityTests" time="0.0"/>
  <testcase name="testValidSelectQuery" classname="com.cdata.mcp.tests.RunQueryToolSecurityTests" time="0.001"/>
  <testcase name="testExcessivelyLongQuery" classname="com.cdata.mcp.tests.RunQueryToolSecurityTests" time="0.065"/>
  <testcase name="testNullQuery" classname="com.cdata.mcp.tests.RunQueryToolSecurityTests" time="0.0"/>
</testsuite>